emotional_os/safety/sanctuary_handler.py:131: error: Incompatible types in assignment (expression has type "tuple[str, str]", target has type "dict[str, str] | str | None")  [assignment]
emotional_os/safety/sanctuary_handler.py:159: error: Incompatible types in assignment (expression has type "tuple[str, str]", target has type "dict[str, str] | str | None")  [assignment]
emotional_os/core/presence/attunement_loop.py:259: error: Function "builtins.any" is not valid as a type  [valid-type]
emotional_os/core/presence/attunement_loop.py:259: note: Perhaps you meant "typing.Any" instead of "any"?
emotional_os/core/lexicon_learner.py:153: error: Need type annotation for "learning_results"  [var-annotated]
emotional_os/core/lexicon_learner.py:175: error: "Collection[Any]" has no attribute "extend"  [attr-defined]
emotional_os/core/lexicon_learner.py:179: error: "Collection[Any]" has no attribute "update"  [attr-defined]
emotional_os/core/lexicon_learner.py:184: error: "Collection[Any]" has no attribute "append"  [attr-defined]
parser/nrc_lexicon_loader.py:32: error: Need type annotation for "word_emotions"  [var-annotated]
parser/nrc_lexicon_loader.py:33: error: Need type annotation for "emotion_words"  [var-annotated]
parser/nrc_lexicon_loader.py:127: error: Need type annotation for "emotions"  [var-annotated]
emotional_os/core/saori/saori_layer.py:189: note: By default the bodies of untyped functions are not checked, consider using --check-untyped-defs  [annotation-unchecked]
emotional_os/core/saori/saori_layer.py:391: error: "Collection[str]" has no attribute "get"  [attr-defined]
emotional_os/core/saori/saori_layer.py:558: error: Incompatible return value type (got "Sequence[str]", expected "list[str]")  [return-value]
emotional_os/core/saori/saori_layer.py:587: note: By default the bodies of untyped functions are not checked, consider using --check-untyped-defs  [annotation-unchecked]
emotional_os/core/tension/generative_tension.py:476: note: By default the bodies of untyped functions are not checked, consider using --check-untyped-defs  [annotation-unchecked]
emotional_os/core/tension/generative_tension.py:661: note: By default the bodies of untyped functions are not checked, consider using --check-untyped-defs  [annotation-unchecked]
emotional_os/core/presence/poetic_consciousness.py:284: note: By default the bodies of untyped functions are not checked, consider using --check-untyped-defs  [annotation-unchecked]
emotional_os/core/presence/poetic_consciousness.py:353: error: Argument "key" to "max" has incompatible type overloaded function; expected "Callable[[ArchetypalPattern], SupportsDunderLT[Any] | SupportsDunderGT[Any]]"  [arg-type]
emotional_os/core/presence/poetic_consciousness.py:374: error: Need type annotation for "domain_counts" (hint: "domain_counts: dict[<type>, <type>] = ...")  [var-annotated]
emotional_os/core/presence/poetic_consciousness.py:377: error: Argument "key" to "max" has incompatible type overloaded function; expected "Callable[[Any], SupportsDunderLT[Any] | SupportsDunderGT[Any]]"  [arg-type]
emotional_os/core/presence/emotional_reciprocity.py:151: note: By default the bodies of untyped functions are not checked, consider using --check-untyped-defs  [annotation-unchecked]
emotional_os/core/presence/emotional_reciprocity.py:297: error: "object" has no attribute "value"  [attr-defined]
emotional_os/core/poetic_engine.py:878: error: Need type annotation for "result"  [var-annotated]
emotional_os/core/poetic_engine.py:1013: error: Need type annotation for "detected_emotions" (hint: "detected_emotions: dict[<type>, <type>] = ...")  [var-annotated]
parser/poetry_database.py:84: error: Need type annotation for "database" (hint: "database: dict[<type>, <type>] = ...")  [var-annotated]
parser/enhanced_emotion_processor.py:20: error: Incompatible import of "nrc" (imported name has type "NRCLexicon", local name has type "object")  [assignment]
parser/enhanced_emotion_processor.py:27: error: Name "TextBlob" already defined on line 17  [no-redef]
parser/enhanced_emotion_processor.py:153: error: Argument 1 to "_determine_dominant_emotion" of "EnhancedEmotionProcessor" has incompatible type "object"; expected "dict[Any, Any]"  [arg-type]
parser/enhanced_emotion_processor.py:153: error: Argument 2 to "_determine_dominant_emotion" of "EnhancedEmotionProcessor" has incompatible type "object"; expected "dict[Any, Any]"  [arg-type]
parser/enhanced_emotion_processor.py:213: error: Need type annotation for "syntactic_elements"  [var-annotated]
parser/enhanced_emotion_processor.py:535: error: "None" not callable  [misc]
emotional_os/glyphs/dynamic_response_composer.py:191: error: Need type annotation for "result"  [var-annotated]
emotional_os/glyphs/dynamic_response_composer.py:266: error: Item "dict[Any, Any]" of "dict[Any, Any] | list[Any] | None" has no attribute "append"  [union-attr]
emotional_os/glyphs/dynamic_response_composer.py:266: error: Item "None" of "dict[Any, Any] | list[Any] | None" has no attribute "append"  [union-attr]
emotional_os/glyphs/dynamic_response_composer.py:542: error: Argument 1 to "_clean_phrase" has incompatible type "Any | None"; expected "str"  [arg-type]
emotional_os/glyphs/dynamic_response_composer.py:1342: error: Function "translate_system_output" could always be true in boolean context  [truthy-function]
emotional_os/core/signal_parser.py:1836: error: Incompatible types in assignment (expression has type "None", variable has type "dict[Any, Any]")  [assignment]
emotional_os/core/signal_parser.py:1855: error: Incompatible types in assignment (expression has type "dict[str, str]", variable has type "str")  [assignment]
emotional_os/core/signal_parser.py:1856: error: "str" has no attribute "get"  [attr-defined]
emotional_os/core/signal_parser.py:1857: error: "str" has no attribute "get"  [attr-defined]
emotional_os/glyphs/signal_parser.py:22: error: Name "select_best_glyph_and_response" already defined (possibly by an import)  [no-redef]
emotional_os/core/emotional_framework.py:249: error: Incompatible types in assignment (expression has type "int", target has type "dict[Any, Any]")  [assignment]
emotional_os/core/emotional_framework.py:250: error: Incompatible types in assignment (expression has type "str | None", target has type "dict[Any, Any]")  [assignment]
emotional_os/core/emotional_framework.py:262: error: Incompatible types in assignment (expression has type "bool", target has type "dict[Any, Any]")  [assignment]
emotional_os/core/emotional_framework.py:266: error: Incompatible types in assignment (expression has type "list[dict[Any, Any]]", target has type "dict[Any, Any]")  [assignment]
emotional_os/core/emotional_framework.py:268: error: Incompatible types in assignment (expression has type "str | None", target has type "dict[Any, Any]")  [assignment]
emotional_os/core/emotional_framework.py:357: error: Need type annotation for "word_counts" (hint: "word_counts: dict[<type>, <type>] = ...")  [var-annotated]
Found 41 errors in 14 files (checked 1 source file)
